{"meta": {"format": 3, "version": "7.16.0", "timestamp": "2026-09-12T17:58:58.445924", "branch_coverage": true, "show_contexts": false}, "files": {"src\\reprohpc\\__init__.py": {"executed_lines": [3], "summary": {"covered_lines": 1, "num_statements": 1, "percent_covered": 100.0, "percent_covered_display": "100", "missing_lines": 0, "excluded_lines": 0, "percent_statements_covered": 100.0, "percent_statements_covered_display": "100", "num_branches": 0, "num_partial_branches": 0, "covered_branches": 0, "missing_branches": 0, "percent_branches_covered": 100.0, "percent_branches_covered_display": "100"}, "missing_lines": [], "excluded_lines": [], "executed_branches": [], "missing_branches": [], "functions": {"": {"executed_lines": [3], "summary": {"covered_lines": 1, "num_statements": 1, "percent_covered": 100.0, "percent_covered_display": "100", "missing_lines": 0, "excluded_lines": 0, "percent_statements_covered": 100.0, "percent_statements_covered_display": "100", "num_branches": 0, "num_partial_branches": 0, "covered_branches": 0, "missing_branches": 0, "percent_branches_covered": 100.0, "percent_branches_covered_display": "100"}, "missing_lines": [], "excluded_lines": [], "start_line": 1, "executed_branches": [], "missing_branches": []}}, "classes": {"": {"executed_lines": [3], "summary": {"covered_lines": 1, "num_statements": 1, "percent_covered": 100.0, "percent_covered_display": "100", "missing_lines": 0, "excluded_lines": 0, "percent_statements_covered": 100.0, "percent_statements_covered_display": "100", "num_branches": 0, "num_partial_branches": 0, "covered_branches": 0, "missing_branches": 0, "percent_branches_covered": 100.0, "percent_branches_covered_display": "100"}, "missing_lines": [], "excluded_lines": [], "start_line": 1, "executed_branches": [], "missing_branches": []}}}, "src\\reprohpc\\archive.py": {"executed_lines": [3, 4, 5, 6, 7, 8, 10, 11, 12, 13, 16, 18, 19, 20, 21, 22, 23, 24, 25, 27, 28, 29, 30, 31, 32, 34, 35, 36, 37, 38, 44, 45, 46, 47, 48, 49, 50, 51, 52, 53, 54, 55, 56, 58, 61, 62, 63, 64, 65, 67, 68, 71, 72, 82, 83, 127, 128, 129, 130, 131, 132, 133, 134, 135, 136, 137, 146, 147, 148, 149, 150, 151, 152, 153, 154, 157, 158, 159, 171, 172, 193, 194, 195, 196], "summary": {"covered_lines": 84, "num_statements": 125, "percent_covered": 60.69364161849711, "percent_covered_display": "61", "missing_lines": 41, "excluded_lines": 0, "percent_statements_covered": 67.2, "percent_statements_covered_display": "67", "num_branches": 48, "num_partial_branches": 3, "covered_branches": 21, "missing_branches": 27, "percent_branches_covered": 43.75, "percent_branches_covered_display": "44"}, "missing_lines": [26, 57, 59, 73, 74, 75, 76, 77, 78, 79, 84, 85, 86, 87, 88, 89, 90, 91, 92, 93, 97, 98, 99, 100, 101, 102, 103, 104, 105, 109, 110, 112, 113, 114, 115, 116, 120, 121, 122, 123, 124], "excluded_lines": [], "executed_branches": [[22, 23], [22, 32], [23, 24], [23, 25], [25, 27], [50, -44], [50, 51], [52, 53], [52, 54], [56, 58], [58, 61], [129, 130], [129, 131], [133, 134], [133, 135], [137, 146], [137, 149], [147, 137], [147, 148], [153, 154], [153, 157]], "missing_branches": [[25, 26], [56, 57], [58, 59], [73, 74], [73, 76], [74, 73], [74, 75], [76, 77], [76, 79], [77, 76], [77, 78], [85, 86], [85, 124], [90, 91], [90, 113], [97, 98], [97, 99], [100, 101], [100, 105], [102, 103], [102, 104], [105, 109], [105, 110], [113, 114], [113, 115], [115, 116], [115, 120]], "functions": {"pack": {"executed_lines": [18, 19, 20, 21, 22, 23, 24, 25, 27, 28, 29, 30, 31, 32, 34, 35, 36, 37, 38], "summary": {"covered_lines": 19, "num_statements": 20, "percent_covered": 92.3076923076923, "percent_covered_display": "92", "missing_lines": 1, "excluded_lines": 0, "percent_statements_covered": 95.0, "percent_statements_covered_display": "95", "num_branches": 6, "num_partial_branches": 1, "covered_branches": 5, "missing_branches": 1, "percent_branches_covered": 83.33333333333333, "percent_branches_covered_display": "83"}, "missing_lines": [26], "excluded_lines": [], "start_line": 16, "executed_branches": [[22, 23], [22, 32], [23, 24], [23, 25], [25, 27]], "missing_branches": [[25, 26]]}, "extract": {"executed_lines": [45, 46, 47, 48, 49, 50, 51, 52, 53, 54, 55, 56, 58, 61, 62, 63, 64, 65, 67, 68], "summary": {"covered_lines": 20, "num_statements": 22, "percent_covered": 86.66666666666667, "percent_covered_display": "87", "missing_lines": 2, "excluded_lines": 0, "percent_statements_covered": 90.9090909090909, "percent_statements_covered_display": "91", "num_branches": 8, "num_partial_branches": 2, "covered_branches": 6, "missing_branches": 2, "percent_branches_covered": 75.0, "percent_branches_covered_display": "75"}, "missing_lines": [57, 59], "excluded_lines": [], "start_line": 44, "executed_branches": [[50, -44], [50, 51], [52, 53], [52, 54], [56, 58], [58, 61]], "missing_branches": [[56, 57], [58, 59]]}, "validate_release": {"executed_lines": [72], "summary": {"covered_lines": 1, "num_statements": 8, "percent_covered": 6.25, "percent_covered_display": "6", "missing_lines": 7, "excluded_lines": 0, "percent_statements_covered": 12.5, "percent_statements_covered_display": "12", "num_branches": 8, "num_partial_branches": 0, "covered_branches": 0, "missing_branches": 8, "percent_branches_covered": 0.0, "percent_branches_covered_display": "0"}, "missing_lines": [73, 74, 75, 76, 77, 78, 79], "excluded_lines": [], "start_line": 71, "executed_branches": [], "missing_branches": [[73, 74], [73, 76], [74, 73], [74, 75], [76, 77], [76, 79], [77, 76], [77, 78]]}, "prepare": {"executed_lines": [83], "summary": {"covered_lines": 1, "num_statements": 32, "percent_covered": 2.0833333333333335, "percent_covered_display": "2", "missing_lines": 31, "excluded_lines": 0, "percent_statements_covered": 3.125, "percent_statements_covered_display": "3", "num_branches": 16, "num_partial_branches": 0, "covered_branches": 0, "missing_branches": 16, "percent_branches_covered": 0.0, "percent_branches_covered_display": "0"}, "missing_lines": [84, 85, 86, 87, 88, 89, 90, 91, 92, 93, 97, 98, 99, 100, 101, 102, 103, 104, 105, 109, 110, 112, 113, 114, 115, 116, 120, 121, 122, 123, 124], "excluded_lines": [], "start_line": 82, "executed_branches": [], "missing_branches": [[85, 86], [85, 124], [90, 91], [90, 113], [97, 98], [97, 99], [100, 101], [100, 105], [102, 103], [102, 104], [105, 109], [105, 110], [113, 114], [113, 115], [115, 116], [115, 120]]}, "export_run": {"executed_lines": [128, 129, 130, 131, 132, 133, 134, 135, 136, 137, 146, 147, 148, 149, 150, 151, 152, 153, 154, 157, 158, 159, 171, 172, 193, 194, 195, 196], "summary": {"covered_lines": 28, "num_statements": 28, "percent_covered": 100.0, "percent_covered_display": "100", "missing_lines": 0, "excluded_lines": 0, "percent_statements_covered": 100.0, "percent_statements_covered_display": "100", "num_branches": 10, "num_partial_branches": 0, "covered_branches": 10, "missing_branches": 0, "percent_branches_covered": 100.0, "percent_branches_covered_display": "100"}, "missing_lines": [], "excluded_lines": [], "start_line": 127, "executed_branches": [[129, 130], [129, 131], [133, 134], [133, 135], [137, 146], [137, 149], [147, 137], [147, 148], [153, 154], [153, 157]], "missing_branches": []}, "": {"executed_lines": [3, 4, 5, 6, 7, 8, 10, 11, 12, 13, 16, 44, 71, 82, 127], "summary": {"covered_lines": 15, "num_statements": 15, "percent_covered": 100.0, "percent_covered_display": "100", "missing_lines": 0, "excluded_lines": 0, "percent_statements_covered": 100.0, "percent_statements_covered_display": "100", "num_branches": 0, "num_partial_branches": 0, "covered_branches": 0, "missing_branches": 0, "percent_branches_covered": 100.0, "percent_branches_covered_display": "100"}, "missing_lines": [], "excluded_lines": [], "start_line": 1, "executed_branches": [], "missing_branches": []}}, "classes": {"": {"executed_lines": [3, 4, 5, 6, 7, 8, 10, 11, 12, 13, 16, 18, 19, 20, 21, 22, 23, 24, 25, 27, 28, 29, 30, 31, 32, 34, 35, 36, 37, 38, 44, 45, 46, 47, 48, 49, 50, 51, 52, 53, 54, 55, 56, 58, 61, 62, 63, 64, 65, 67, 68, 71, 72, 82, 83, 127, 128, 129, 130, 131, 132, 133, 134, 135, 136, 137, 146, 147, 148, 149, 150, 151, 152, 153, 154, 157, 158, 159, 171, 172, 193, 194, 195, 196], "summary": {"covered_lines": 84, "num_statements": 125, "percent_covered": 60.69364161849711, "percent_covered_display": "61", "missing_lines": 41, "excluded_lines": 0, "percent_statements_covered": 67.2, "percent_statements_covered_display": "67", "num_branches": 48, "num_partial_branches": 3, "covered_branches": 21, "missing_branches": 27, "percent_branches_covered": 43.75, "percent_branches_covered_display": "44"}, "missing_lines": [26, 57, 59, 73, 74, 75, 76, 77, 78, 79, 84, 85, 86, 87, 88, 89, 90, 91, 92, 93, 97, 98, 99, 100, 101, 102, 103, 104, 105, 109, 110, 112, 113, 114, 115, 116, 120, 121, 122, 123, 124], "excluded_lines": [], "start_line": 1, "executed_branches": [[22, 23], [22, 32], [23, 24], [23, 25], [25, 27], [50, -44], [50, 51], [52, 53], [52, 54], [56, 58], [58, 61], [129, 130], [129, 131], [133, 134], [133, 135], [137, 146], [137, 149], [147, 137], [147, 148], [153, 154], [153, 157]], "missing_branches": [[25, 26], [56, 57], [58, 59], [73, 74], [73, 76], [74, 73], [74, 75], [76, 77], [76, 79], [77, 76], [77, 78], [85, 86], [85, 124], [90, 91], [90, 113], [97, 98], [97, 99], [100, 101], [100, 105], [102, 103], [102, 104], [105, 109], [105, 110], [113, 114], [113, 115], [115, 116], [115, 120]]}}}, "src\\reprohpc\\cli.py": {"executed_lines": [3, 4, 5, 6, 7, 8, 9, 10, 11, 12, 13, 14, 15, 16, 18, 19, 28, 29, 30, 31, 43, 45, 48, 49, 50, 53, 54, 55, 59, 62, 63, 64, 65, 66, 67, 69, 74, 75, 78, 79, 80, 81, 82, 83, 84, 87, 88, 89, 92, 93, 94, 95, 96, 101, 116, 117, 118, 119, 120, 121, 122, 123, 124, 126, 130, 131, 132, 452, 453, 454, 458, 459, 462, 463, 464, 465, 466, 467, 468, 469, 470, 471, 472, 473, 475, 476, 477, 478, 479, 481, 482, 483, 484, 485, 486, 487, 488, 489, 490, 491, 492, 493, 494, 495, 496, 497, 500, 501, 502, 503, 507, 509, 510, 511, 513, 515, 516, 547, 548, 549, 555], "summary": {"covered_lines": 121, "num_statements": 303, "percent_covered": 34.60620525059666, "percent_covered_display": "35", "missing_lines": 182, "excluded_lines": 0, "percent_statements_covered": 39.93399339933993, "percent_statements_covered_display": "40", "num_branches": 116, "num_partial_branches": 18, "covered_branches": 24, "missing_branches": 92, "percent_branches_covered": 20.689655172413794, "percent_branches_covered_display": "21"}, "missing_lines": [56, 68, 76, 77, 85, 86, 127, 128, 129, 140, 141, 142, 143, 144, 145, 148, 149, 153, 154, 155, 156, 157, 158, 159, 160, 163, 164, 165, 166, 168, 169, 174, 177, 178, 179, 180, 181, 182, 185, 186, 187, 188, 189, 190, 191, 196, 197, 198, 199, 202, 205, 206, 207, 208, 209, 210, 211, 212, 213, 214, 215, 216, 217, 218, 219, 220, 221, 222, 223, 224, 225, 226, 227, 228, 229, 230, 233, 234, 235, 236, 255, 258, 276, 277, 278, 279, 280, 281, 288, 289, 290, 294, 299, 300, 301, 302, 303, 319, 320, 321, 338, 339, 340, 341, 348, 349, 352, 353, 355, 357, 358, 360, 361, 362, 363, 365, 366, 367, 372, 373, 377, 378, 379, 380, 381, 382, 383, 384, 385, 388, 389, 390, 391, 392, 393, 394, 403, 420, 421, 422, 423, 424, 425, 426, 427, 428, 429, 430, 450, 451, 455, 474, 498, 499, 506, 508, 512, 514, 517, 518, 519, 520, 521, 522, 523, 524, 525, 530, 531, 532, 545, 546, 550, 551, 552, 553, 554, 556, 557, 558, 561, 562], "excluded_lines": [], "executed_branches": [[55, 59], [65, 66], [67, 69], [69, 74], [69, 80], [80, 81], [81, 82], [81, 84], [82, 83], [84, 87], [94, 95], [94, 101], [95, 96], [119, 120], [119, 123], [476, 477], [478, 479], [482, 483], [484, 485], [495, 496], [509, 510], [513, 515], [515, 516], [548, 549]], "missing_branches": [[55, 56], [65, 67], [67, 68], [76, 69], [76, 77], [80, 87], [82, 81], [84, 85], [95, 94], [142, 143], [142, 144], [153, 154], [153, 169], [155, 153], [155, 156], [157, 158], [157, 159], [165, 166], [165, 168], [178, 179], [178, 182], [180, 178], [180, 181], [187, 188], [187, 189], [191, 196], [191, 197], [197, 198], [197, 202], [198, 197], [198, 199], [208, 209], [208, 210], [210, 211], [210, 213], [211, 210], [211, 212], [214, 215], [214, 216], [216, 217], [216, 221], [218, 219], [218, 220], [224, 225], [224, 226], [294, 299], [294, 300], [338, 339], [338, 340], [360, 361], [360, 362], [365, 366], [365, 367], [380, 381], [380, 382], [383, 384], [383, 394], [385, 388], [385, 394], [390, 391], [390, 393], [425, 426], [425, 427], [429, 430], [429, 455], [450, 451], [450, 452], [452, 453], [452, 454], [476, 482], [478, 481], [482, 484], [484, 486], [495, 503], [499, 495], [499, 500], [509, 513], [513, 514], [515, 517], [517, 518], [517, 519], [519, 520], [519, 521], [521, 522], [521, 551], [523, 524], [523, 551], [545, 546], [545, 547], [548, 550], [561, -1], [561, 562]], "functions": {"command_output": {"executed_lines": [49, 50, 53, 54, 55, 59], "summary": {"covered_lines": 6, "num_statements": 7, "percent_covered": 77.77777777777777, "percent_covered_display": "78", "missing_lines": 1, "excluded_lines": 0, "percent_statements_covered": 85.71428571428571, "percent_statements_covered_display": "86", "num_branches": 2, "num_partial_branches": 1, "covered_branches": 1, "missing_branches": 1, "percent_branches_covered": 50.0, "percent_branches_covered_display": "50"}, "missing_lines": [56], "excluded_lines": [], "start_line": 48, "executed_branches": [[55, 59]], "missing_branches": [[55, 56]]}, "doctor": {"executed_lines": [63, 64, 65, 66, 67, 69, 74, 75, 78, 79, 80, 81, 82, 83, 84, 87, 88, 89], "summary": {"covered_lines": 18, "num_statements": 23, "percent_covered": 69.23076923076923, "percent_covered_display": "69", "missing_lines": 5, "excluded_lines": 0, "percent_statements_covered": 78.26086956521739, "percent_statements_covered_display": "78", "num_branches": 16, "num_partial_branches": 5, "covered_branches": 9, "missing_branches": 7, "percent_branches_covered": 56.25, "percent_branches_covered_display": "56"}, "missing_lines": [68, 76, 77, 85, 86], "excluded_lines": [], "start_line": 62, "executed_branches": [[65, 66], [67, 69], [69, 74], [69, 80], [80, 81], [81, 82], [81, 84], [82, 83], [84, 87]], "missing_branches": [[65, 67], [67, 68], [76, 69], [76, 77], [80, 87], [82, 81], [84, 85]]}, "source_snapshot": {"executed_lines": [93, 94, 95, 96, 101, 116, 117, 118, 119, 120, 121, 122, 123, 124, 126, 130, 131, 132], "summary": {"covered_lines": 18, "num_statements": 21, "percent_covered": 85.18518518518519, "percent_covered_display": "85", "missing_lines": 3, "excluded_lines": 0, "percent_statements_covered": 85.71428571428571, "percent_statements_covered_display": "86", "num_branches": 6, "num_partial_branches": 1, "covered_branches": 5, "missing_branches": 1, "percent_branches_covered": 83.33333333333333, "percent_branches_covered_display": "83"}, "missing_lines": [127, 128, 129], "excluded_lines": [], "start_line": 92, "executed_branches": [[94, 95], [94, 101], [95, 96], [119, 120], [119, 123]], "missing_branches": [[95, 94]]}, "resolve_site": {"executed_lines": [], "summary": {"covered_lines": 0, "num_statements": 28, "percent_covered": 0.0, "percent_covered_display": "0", "missing_lines": 28, "excluded_lines": 0, "percent_statements_covered": 0.0, "percent_statements_covered_display": "0", "num_branches": 14, "num_partial_branches": 0, "covered_branches": 0, "missing_branches": 14, "percent_branches_covered": 0.0, "percent_branches_covered_display": "0"}, "missing_lines": [141, 142, 143, 144, 145, 148, 149, 153, 154, 155, 156, 157, 158, 159, 160, 163, 164, 165, 166, 168, 169, 174, 177, 178, 179, 180, 181, 182], "excluded_lines": [], "start_line": 140, "executed_branches": [], "missing_branches": [[142, 143], [142, 144], [153, 154], [153, 169], [155, 153], [155, 156], [157, 158], [157, 159], [165, 166], [165, 168], [178, 179], [178, 182], [180, 178], [180, 181]]}, "run": {"executed_lines": [], "summary": {"covered_lines": 0, "num_statements": 42, "percent_covered": 0.0, "percent_covered_display": "0", "missing_lines": 42, "excluded_lines": 0, "percent_statements_covered": 0.0, "percent_statements_covered_display": "0", "num_branches": 22, "num_partial_branches": 0, "covered_branches": 0, "missing_branches": 22, "percent_branches_covered": 0.0, "percent_branches_covered_display": "0"}, "missing_lines": [186, 187, 188, 189, 190, 191, 196, 197, 198, 199, 202, 205, 206, 207, 208, 209, 210, 211, 212, 213, 214, 215, 216, 217, 218, 219, 220, 221, 222, 223, 224, 225, 226, 227, 228, 229, 230, 233, 234, 235, 236, 255], "excluded_lines": [], "start_line": 185, "executed_branches": [], "missing_branches": [[187, 188], [187, 189], [191, 196], [191, 197], [197, 198], [197, 202], [198, 197], [198, 199], [208, 209], [208, 210], [210, 211], [210, 213], [211, 210], [211, 212], [214, 215], [214, 216], [216, 217], [216, 221], [218, 219], [218, 220], [224, 225], [224, 226]]}, "_execute": {"executed_lines": [452, 453, 454], "summary": {"covered_lines": 3, "num_statements": 70, "percent_covered": 3.1914893617021276, "percent_covered_display": "3", "missing_lines": 67, "excluded_lines": 0, "percent_statements_covered": 4.285714285714286, "percent_statements_covered_display": "4", "num_branches": 24, "num_partial_branches": 2, "covered_branches": 0, "missing_branches": 24, "percent_branches_covered": 0.0, "percent_branches_covered_display": "0"}, "missing_lines": [276, 277, 278, 279, 280, 281, 288, 289, 290, 294, 299, 300, 301, 302, 303, 319, 320, 321, 338, 339, 340, 341, 348, 349, 352, 353, 355, 360, 361, 362, 363, 365, 366, 367, 372, 373, 377, 378, 379, 380, 381, 382, 383, 384, 385, 388, 389, 390, 391, 392, 393, 394, 403, 420, 421, 422, 423, 424, 425, 426, 427, 428, 429, 430, 450, 451, 455], "excluded_lines": [], "start_line": 258, "executed_branches": [], "missing_branches": [[294, 299], [294, 300], [338, 339], [338, 340], [360, 361], [360, 362], [365, 366], [365, 367], [380, 381], [380, 382], [383, 384], [383, 394], [385, 388], [385, 394], [390, 391], [390, 393], [425, 426], [425, 427], [429, 430], [429, 455], [450, 451], [450, 452], [452, 453], [452, 454]]}, "_execute.stop": {"executed_lines": [], "summary": {"covered_lines": 0, "num_statements": 2, "percent_covered": 0.0, "percent_covered_display": "0", "missing_lines": 2, "excluded_lines": 0, "percent_statements_covered": 0.0, "percent_statements_covered_display": "0", "num_branches": 0, "num_partial_branches": 0, "covered_branches": 0, "missing_branches": 0, "percent_branches_covered": 100.0, "percent_branches_covered_display": "100"}, "missing_lines": [357, 358], "excluded_lines": [], "start_line": 355, "executed_branches": [], "missing_branches": []}, "parser": {"executed_lines": [459, 462, 463, 464, 465, 466, 467, 468, 469, 470, 471, 472, 473, 475, 476, 477, 478, 479, 481, 482, 483, 484, 485, 486, 487, 488, 489, 490, 491, 492, 493, 494, 495, 496, 497, 500, 501, 502, 503], "summary": {"covered_lines": 39, "num_statements": 42, "percent_covered": 81.48148148148148, "percent_covered_display": "81", "missing_lines": 3, "excluded_lines": 0, "percent_statements_covered": 92.85714285714286, "percent_statements_covered_display": "93", "num_branches": 12, "num_partial_branches": 5, "covered_branches": 5, "missing_branches": 7, "percent_branches_covered": 41.666666666666664, "percent_branches_covered_display": "42"}, "missing_lines": [474, 498, 499], "excluded_lines": [], "start_line": 458, "executed_branches": [[476, 477], [478, 479], [482, 483], [484, 485], [495, 496]], "missing_branches": [[476, 482], [478, 481], [482, 484], [484, 486], [495, 503], [499, 495], [499, 500]]}, "main": {"executed_lines": [507, 509, 510, 511, 513, 515, 516, 547, 548, 549, 555], "summary": {"covered_lines": 11, "num_statements": 36, "percent_covered": 27.77777777777778, "percent_covered_display": "28", "missing_lines": 25, "excluded_lines": 0, "percent_statements_covered": 30.555555555555557, "percent_statements_covered_display": "31", "num_branches": 18, "num_partial_branches": 4, "covered_branches": 4, "missing_branches": 14, "percent_branches_covered": 22.22222222222222, "percent_branches_covered_display": "22"}, "missing_lines": [508, 512, 514, 517, 518, 519, 520, 521, 522, 523, 524, 525, 530, 531, 532, 545, 546, 550, 551, 552, 553, 554, 556, 557, 558], "excluded_lines": [], "start_line": 506, "executed_branches": [[509, 510], [513, 515], [515, 516], [548, 549]], "missing_branches": [[509, 513], [513, 514], [515, 517], [517, 518], [517, 519], [519, 520], [519, 521], [521, 522], [521, 551], [523, 524], [523, 551], [545, 546], [545, 547], [548, 550]]}, "": {"executed_lines": [3, 4, 5, 6, 7, 8, 9, 10, 11, 12, 13, 14, 15, 16, 18, 19, 28, 29, 30, 31, 43, 45, 48, 62, 92, 458], "summary": {"covered_lines": 26, "num_statements": 32, "percent_covered": 76.47058823529412, "percent_covered_display": "76", "missing_lines": 6, "excluded_lines": 0, "percent_statements_covered": 81.25, "percent_statements_covered_display": "81", "num_branches": 2, "num_partial_branches": 0, "covered_branches": 0, "missing_branches": 2, "percent_branches_covered": 0.0, "percent_branches_covered_display": "0"}, "missing_lines": [140, 185, 258, 506, 561, 562], "excluded_lines": [], "start_line": 1, "executed_branches": [], "missing_branches": [[561, -1], [561, 562]]}}, "classes": {"": {"executed_lines": [3, 4, 5, 6, 7, 8, 9, 10, 11, 12, 13, 14, 15, 16, 18, 19, 28, 29, 30, 31, 43, 45, 48, 49, 50, 53, 54, 55, 59, 62, 63, 64, 65, 66, 67, 69, 74, 75, 78, 79, 80, 81, 82, 83, 84, 87, 88, 89, 92, 93, 94, 95, 96, 101, 116, 117, 118, 119, 120, 121, 122, 123, 124, 126, 130, 131, 132, 452, 453, 454, 458, 459, 462, 463, 464, 465, 466, 467, 468, 469, 470, 471, 472, 473, 475, 476, 477, 478, 479, 481, 482, 483, 484, 485, 486, 487, 488, 489, 490, 491, 492, 493, 494, 495, 496, 497, 500, 501, 502, 503, 507, 509, 510, 511, 513, 515, 516, 547, 548, 549, 555], "summary": {"covered_lines": 121, "num_statements": 303, "percent_covered": 34.60620525059666, "percent_covered_display": "35", "missing_lines": 182, "excluded_lines": 0, "percent_statements_covered": 39.93399339933993, "percent_statements_covered_display": "40", "num_branches": 116, "num_partial_branches": 18, "covered_branches": 24, "missing_branches": 92, "percent_branches_covered": 20.689655172413794, "percent_branches_covered_display": "21"}, "missing_lines": [56, 68, 76, 77, 85, 86, 127, 128, 129, 140, 141, 142, 143, 144, 145, 148, 149, 153, 154, 155, 156, 157, 158, 159, 160, 163, 164, 165, 166, 168, 169, 174, 177, 178, 179, 180, 181, 182, 185, 186, 187, 188, 189, 190, 191, 196, 197, 198, 199, 202, 205, 206, 207, 208, 209, 210, 211, 212, 213, 214, 215, 216, 217, 218, 219, 220, 221, 222, 223, 224, 225, 226, 227, 228, 229, 230, 233, 234, 235, 236, 255, 258, 276, 277, 278, 279, 280, 281, 288, 289, 290, 294, 299, 300, 301, 302, 303, 319, 320, 321, 338, 339, 340, 341, 348, 349, 352, 353, 355, 357, 358, 360, 361, 362, 363, 365, 366, 367, 372, 373, 377, 378, 379, 380, 381, 382, 383, 384, 385, 388, 389, 390, 391, 392, 393, 394, 403, 420, 421, 422, 423, 424, 425, 426, 427, 428, 429, 430, 450, 451, 455, 474, 498, 499, 506, 508, 512, 514, 517, 518, 519, 520, 521, 522, 523, 524, 525, 530, 531, 532, 545, 546, 550, 551, 552, 553, 554, 556, 557, 558, 561, 562], "excluded_lines": [], "start_line": 1, "executed_branches": [[55, 59], [65, 66], [67, 69], [69, 74], [69, 80], [80, 81], [81, 82], [81, 84], [82, 83], [84, 87], [94, 95], [94, 101], [95, 96], [119, 120], [119, 123], [476, 477], [478, 479], [482, 483], [484, 485], [495, 496], [509, 510], [513, 515], [515, 516], [548, 549]], "missing_branches": [[55, 56], [65, 67], [67, 68], [76, 69], [76, 77], [80, 87], [82, 81], [84, 85], [95, 94], [142, 143], [142, 144], [153, 154], [153, 169], [155, 153], [155, 156], [157, 158], [157, 159], [165, 166], [165, 168], [178, 179], [178, 182], [180, 178], [180, 181], [187, 188], [187, 189], [191, 196], [191, 197], [197, 198], [197, 202], [198, 197], [198, 199], [208, 209], [208, 210], [210, 211], [210, 213], [211, 210], [211, 212], [214, 215], [214, 216], [216, 217], [216, 221], [218, 219], [218, 220], [224, 225], [224, 226], [294, 299], [294, 300], [338, 339], [338, 340], [360, 361], [360, 362], [365, 366], [365, 367], [380, 381], [380, 382], [383, 384], [383, 394], [385, 388], [385, 394], [390, 391], [390, 393], [425, 426], [425, 427], [429, 430], [429, 455], [450, 451], [450, 452], [452, 453], [452, 454], [476, 482], [478, 481], [482, 484], [484, 486], [495, 503], [499, 495], [499, 500], [509, 513], [513, 514], [515, 517], [517, 518], [517, 519], [519, 520], [519, 521], [521, 522], [521, 551], [523, 524], [523, 551], [545, 546], [545, 547], [548, 550], [561, -1], [561, 562]]}}}, "src\\reprohpc\\config.py": {"executed_lines": [3, 4, 6, 8, 10, 19, 20, 21, 30, 33, 34, 37, 38, 39, 40, 41, 42, 43, 44, 47, 50, 51, 52, 53, 55, 57, 60, 61, 62, 63, 64, 65, 66, 73, 74, 75, 76, 77, 78, 79, 80, 81, 82, 83, 84, 85, 86, 87, 88, 97, 100, 101, 104, 105, 106, 108, 109, 110, 111, 112, 113, 115, 116], "summary": {"covered_lines": 63, "num_statements": 79, "percent_covered": 75.2, "percent_covered_display": "75", "missing_lines": 16, "excluded_lines": 0, "percent_statements_covered": 79.74683544303798, "percent_statements_covered_display": "80", "num_branches": 46, "num_partial_branches": 5, "covered_branches": 31, "missing_branches": 15, "percent_branches_covered": 67.3913043478261, "percent_branches_covered_display": "67"}, "missing_lines": [54, 56, 89, 90, 91, 92, 93, 94, 95, 96, 107, 114, 117, 121, 122, 123], "excluded_lines": [], "executed_branches": [[39, 40], [39, 44], [41, 42], [41, 43], [55, 57], [63, 64], [63, 65], [73, 74], [73, 76], [74, 73], [74, 75], [76, 77], [76, 78], [79, 80], [79, 81], [82, 83], [82, 84], [84, 85], [84, 86], [86, 87], [86, 88], [88, 97], [106, 108], [109, 110], [109, 112], [110, 109], [110, 111], [112, 113], [112, 115], [113, 112], [115, 116]], "missing_branches": [[55, 56], [88, 89], [89, 90], [89, 97], [91, 92], [91, 93], [95, 89], [95, 96], [106, 107], [113, 114], [115, 117], [117, 121], [117, 123], [121, 117], [121, 122]], "functions": {"_mapping": {"executed_lines": [38, 39, 40, 41, 42, 43, 44], "summary": {"covered_lines": 7, "num_statements": 7, "percent_covered": 100.0, "percent_covered_display": "100", "missing_lines": 0, "excluded_lines": 0, "percent_statements_covered": 100.0, "percent_statements_covered_display": "100", "num_branches": 4, "num_partial_branches": 0, "covered_branches": 4, "missing_branches": 0, "percent_branches_covered": 100.0, "percent_branches_covered_display": "100"}, "missing_lines": [], "excluded_lines": [], "start_line": 37, "executed_branches": [[39, 40], [39, 44], [41, 42], [41, 43]], "missing_branches": []}, "load_yaml": {"executed_lines": [51, 52, 53, 55, 57], "summary": {"covered_lines": 5, "num_statements": 7, "percent_covered": 66.66666666666667, "percent_covered_display": "67", "missing_lines": 2, "excluded_lines": 0, "percent_statements_covered": 71.42857142857143, "percent_statements_covered_display": "71", "num_branches": 2, "num_partial_branches": 1, "covered_branches": 1, "missing_branches": 1, "percent_branches_covered": 50.0, "percent_branches_covered_display": "50"}, "missing_lines": [54, 56], "excluded_lines": [], "start_line": 50, "executed_branches": [[55, 57]], "missing_branches": [[55, 56]]}, "resolve_params": {"executed_lines": [61, 62, 63, 64, 65, 66, 73, 74, 75, 76, 77, 78, 79, 80, 81, 82, 83, 84, 85, 86, 87, 88, 97], "summary": {"covered_lines": 23, "num_statements": 31, "percent_covered": 72.72727272727273, "percent_covered_display": "73", "missing_lines": 8, "excluded_lines": 0, "percent_statements_covered": 74.19354838709677, "percent_statements_covered_display": "74", "num_branches": 24, "num_partial_branches": 1, "covered_branches": 17, "missing_branches": 7, "percent_branches_covered": 70.83333333333333, "percent_branches_covered_display": "71"}, "missing_lines": [89, 90, 91, 92, 93, 94, 95, 96], "excluded_lines": [], "start_line": 60, "executed_branches": [[63, 64], [63, 65], [73, 74], [73, 76], [74, 73], [74, 75], [76, 77], [76, 78], [79, 80], [79, 81], [82, 83], [82, 84], [84, 85], [84, 86], [86, 87], [86, 88], [88, 97]], "missing_branches": [[88, 89], [89, 90], [89, 97], [91, 92], [91, 93], [95, 89], [95, 96]]}, "science_params": {"executed_lines": [101], "summary": {"covered_lines": 1, "num_statements": 1, "percent_covered": 100.0, "percent_covered_display": "100", "missing_lines": 0, "excluded_lines": 0, "percent_statements_covered": 100.0, "percent_statements_covered_display": "100", "num_branches": 0, "num_partial_branches": 0, "covered_branches": 0, "missing_branches": 0, "percent_branches_covered": 100.0, "percent_branches_covered_display": "100"}, "missing_lines": [], "excluded_lines": [], "start_line": 100, "executed_branches": [], "missing_branches": []}, "validate_execution": {"executed_lines": [105, 106, 108, 109, 110, 111, 112, 113, 115, 116], "summary": {"covered_lines": 10, "num_statements": 16, "percent_covered": 59.375, "percent_covered_display": "59", "missing_lines": 6, "excluded_lines": 0, "percent_statements_covered": 62.5, "percent_statements_covered_display": "62", "num_branches": 16, "num_partial_branches": 3, "covered_branches": 9, "missing_branches": 7, "percent_branches_covered": 56.25, "percent_branches_covered_display": "56"}, "missing_lines": [107, 114, 117, 121, 122, 123], "excluded_lines": [], "start_line": 104, "executed_branches": [[106, 108], [109, 110], [109, 112], [110, 109], [110, 111], [112, 113], [112, 115], [113, 112], [115, 116]], "missing_branches": [[106, 107], [113, 114], [115, 117], [117, 121], [117, 123], [121, 117], [121, 122]]}, "": {"executed_lines": [3, 4, 6, 8, 10, 19, 20, 21, 30, 33, 34, 37, 47, 50, 60, 100, 104], "summary": {"covered_lines": 17, "num_statements": 17, "percent_covered": 100.0, "percent_covered_display": "100", "missing_lines": 0, "excluded_lines": 0, "percent_statements_covered": 100.0, "percent_statements_covered_display": "100", "num_branches": 0, "num_partial_branches": 0, "covered_branches": 0, "missing_branches": 0, "percent_branches_covered": 100.0, "percent_branches_covered_display": "100"}, "missing_lines": [], "excluded_lines": [], "start_line": 1, "executed_branches": [], "missing_branches": []}}, "classes": {"UniqueLoader": {"executed_lines": [], "summary": {"covered_lines": 0, "num_statements": 0, "percent_covered": 100.0, "percent_covered_display": "100", "missing_lines": 0, "excluded_lines": 0, "percent_statements_covered": 100.0, "percent_statements_covered_display": "100", "num_branches": 0, "num_partial_branches": 0, "covered_branches": 0, "missing_branches": 0, "percent_branches_covered": 100.0, "percent_branches_covered_display": "100"}, "missing_lines": [], "excluded_lines": [], "start_line": 33, "executed_branches": [], "missing_branches": []}, "": {"executed_lines": [3, 4, 6, 8, 10, 19, 20, 21, 30, 33, 34, 37, 38, 39, 40, 41, 42, 43, 44, 47, 50, 51, 52, 53, 55, 57, 60, 61, 62, 63, 64, 65, 66, 73, 74, 75, 76, 77, 78, 79, 80, 81, 82, 83, 84, 85, 86, 87, 88, 97, 100, 101, 104, 105, 106, 108, 109, 110, 111, 112, 113, 115, 116], "summary": {"covered_lines": 63, "num_statements": 79, "percent_covered": 75.2, "percent_covered_display": "75", "missing_lines": 16, "excluded_lines": 0, "percent_statements_covered": 79.74683544303798, "percent_statements_covered_display": "80", "num_branches": 46, "num_partial_branches": 5, "covered_branches": 31, "missing_branches": 15, "percent_branches_covered": 67.3913043478261, "percent_branches_covered_display": "67"}, "missing_lines": [54, 56, 89, 90, 91, 92, 93, 94, 95, 96, 107, 114, 117, 121, 122, 123], "excluded_lines": [], "start_line": 1, "executed_branches": [[39, 40], [39, 44], [41, 42], [41, 43], [55, 57], [63, 64], [63, 65], [73, 74], [73, 76], [74, 73], [74, 75], [76, 77], [76, 78], [79, 80], [79, 81], [82, 83], [82, 84], [84, 85], [84, 86], [86, 87], [86, 88], [88, 97], [106, 108], [109, 110], [109, 112], [110, 109], [110, 111], [112, 113], [112, 115], [113, 112], [115, 116]], "missing_branches": [[55, 56], [88, 89], [89, 90], [89, 97], [91, 92], [91, 93], [95, 89], [95, 96], [106, 107], [113, 114], [115, 117], [117, 121], [117, 123], [121, 117], [121, 122]]}}}, "src\\reprohpc\\data.py": {"executed_lines": [3, 4, 6, 7, 8, 9, 12, 13, 14, 15, 16, 17, 20, 21, 23, 24, 29, 30, 31, 32, 33, 34, 35, 36, 37, 38, 39, 41, 42, 43, 44, 45, 47, 48, 51, 52, 54, 55, 56, 57, 58, 60, 61, 62, 65, 66, 70, 71, 74, 80], "summary": {"covered_lines": 50, "num_statements": 63, "percent_covered": 73.5632183908046, "percent_covered_display": "74", "missing_lines": 13, "excluded_lines": 0, "percent_statements_covered": 79.36507936507937, "percent_statements_covered_display": "79", "num_branches": 24, "num_partial_branches": 8, "covered_branches": 14, "missing_branches": 10, "percent_branches_covered": 58.333333333333336, "percent_branches_covered_display": "58"}, "missing_lines": [22, 40, 46, 49, 50, 59, 63, 64, 67, 72, 73, 83, 84], "excluded_lines": [], "executed_branches": [[21, 23], [23, -20], [23, 24], [31, 32], [31, 33], [36, 37], [36, 38], [38, 39], [38, 65], [39, 41], [42, 43], [42, 44], [45, 47], [51, 52]], "missing_branches": [[21, 22], [39, 40], [45, 46], [51, 54], [63, 38], [63, 64], [65, 66], [65, 67], [71, 72], [71, 73]], "functions": {"validate_reference": {"executed_lines": [13, 14, 15, 16, 17], "summary": {"covered_lines": 5, "num_statements": 5, "percent_covered": 100.0, "percent_covered_display": "100", "missing_lines": 0, "excluded_lines": 0, "percent_statements_covered": 100.0, "percent_statements_covered_display": "100", "num_branches": 0, "num_partial_branches": 0, "covered_branches": 0, "missing_branches": 0, "percent_branches_covered": 100.0, "percent_branches_covered_display": "100"}, "missing_lines": [], "excluded_lines": [], "start_line": 12, "executed_branches": [], "missing_branches": []}, "check_file": {"executed_lines": [21, 23, 24], "summary": {"covered_lines": 3, "num_statements": 4, "percent_covered": 75.0, "percent_covered_display": "75", "missing_lines": 1, "excluded_lines": 0, "percent_statements_covered": 75.0, "percent_statements_covered_display": "75", "num_branches": 4, "num_partial_branches": 1, "covered_branches": 3, "missing_branches": 1, "percent_branches_covered": 75.0, "percent_branches_covered_display": "75"}, "missing_lines": [22], "excluded_lines": [], "start_line": 20, "executed_branches": [[21, 23], [23, -20], [23, 24]], "missing_branches": [[21, 22]]}, "validate_dataset": {"executed_lines": [30, 31, 32, 33, 34, 35, 36, 37, 38, 39, 41, 42, 43, 44, 45, 47, 48, 51, 52, 54, 55, 56, 57, 58, 60, 61, 62, 65, 66], "summary": {"covered_lines": 29, "num_statements": 37, "percent_covered": 72.72727272727273, "percent_covered_display": "73", "missing_lines": 8, "excluded_lines": 0, "percent_statements_covered": 78.37837837837837, "percent_statements_covered_display": "78", "num_branches": 18, "num_partial_branches": 5, "covered_branches": 11, "missing_branches": 7, "percent_branches_covered": 61.111111111111114, "percent_branches_covered_display": "61"}, "missing_lines": [40, 46, 49, 50, 59, 63, 64, 67], "excluded_lines": [], "start_line": 29, "executed_branches": [[31, 32], [31, 33], [36, 37], [36, 38], [38, 39], [38, 65], [39, 41], [42, 43], [42, 44], [45, 47], [51, 52]], "missing_branches": [[39, 40], [45, 46], [51, 54], [63, 38], [63, 64], [65, 66], [65, 67]]}, "plan_batches": {"executed_lines": [71, 74], "summary": {"covered_lines": 2, "num_statements": 4, "percent_covered": 33.333333333333336, "percent_covered_display": "33", "missing_lines": 2, "excluded_lines": 0, "percent_statements_covered": 50.0, "percent_statements_covered_display": "50", "num_branches": 2, "num_partial_branches": 2, "covered_branches": 0, "missing_branches": 2, "percent_branches_covered": 0.0, "percent_branches_covered_display": "0"}, "missing_lines": [72, 73], "excluded_lines": [], "start_line": 70, "executed_branches": [], "missing_branches": [[71, 72], [71, 73]]}, "storage_estimate": {"executed_lines": [], "summary": {"covered_lines": 0, "num_statements": 2, "percent_covered": 0.0, "percent_covered_display": "0", "missing_lines": 2, "excluded_lines": 0, "percent_statements_covered": 0.0, "percent_statements_covered_display": "0", "num_branches": 0, "num_partial_branches": 0, "covered_branches": 0, "missing_branches": 0, "percent_branches_covered": 100.0, "percent_branches_covered_display": "100"}, "missing_lines": [83, 84], "excluded_lines": [], "start_line": 80, "executed_branches": [], "missing_branches": []}, "": {"executed_lines": [3, 4, 6, 7, 8, 9, 12, 20, 29, 70, 80], "summary": {"covered_lines": 11, "num_statements": 11, "percent_covered": 100.0, "percent_covered_display": "100", "missing_lines": 0, "excluded_lines": 0, "percent_statements_covered": 100.0, "percent_statements_covered_display": "100", "num_branches": 0, "num_partial_branches": 0, "covered_branches": 0, "missing_branches": 0, "percent_branches_covered": 100.0, "percent_branches_covered_display": "100"}, "missing_lines": [], "excluded_lines": [], "start_line": 1, "executed_branches": [], "missing_branches": []}}, "classes": {"": {"executed_lines": [3, 4, 6, 7, 8, 9, 12, 13, 14, 15, 16, 17, 20, 21, 23, 24, 29, 30, 31, 32, 33, 34, 35, 36, 37, 38, 39, 41, 42, 43, 44, 45, 47, 48, 51, 52, 54, 55, 56, 57, 58, 60, 61, 62, 65, 66, 70, 71, 74, 80], "summary": {"covered_lines": 50, "num_statements": 63, "percent_covered": 73.5632183908046, "percent_covered_display": "74", "missing_lines": 13, "excluded_lines": 0, "percent_statements_covered": 79.36507936507937, "percent_statements_covered_display": "79", "num_branches": 24, "num_partial_branches": 8, "covered_branches": 14, "missing_branches": 10, "percent_branches_covered": 58.333333333333336, "percent_branches_covered_display": "58"}, "missing_lines": [22, 40, 46, 49, 50, 59, 63, 64, 67, 72, 73, 83, 84], "excluded_lines": [], "start_line": 1, "executed_branches": [[21, 23], [23, -20], [23, 24], [31, 32], [31, 33], [36, 37], [36, 38], [38, 39], [38, 65], [39, 41], [42, 43], [42, 44], [45, 47], [51, 52]], "missing_branches": [[21, 22], [39, 40], [45, 46], [51, 54], [63, 38], [63, 64], [65, 66], [65, 67], [71, 72], [71, 73]]}}}, "src\\reprohpc\\errors.py": {"executed_lines": [1, 4, 5, 6], "summary": {"covered_lines": 4, "num_statements": 4, "percent_covered": 100.0, "percent_covered_display": "100", "missing_lines": 0, "excluded_lines": 0, "percent_statements_covered": 100.0, "percent_statements_covered_display": "100", "num_branches": 0, "num_partial_branches": 0, "covered_branches": 0, "missing_branches": 0, "percent_branches_covered": 100.0, "percent_branches_covered_display": "100"}, "missing_lines": [], "excluded_lines": [], "executed_branches": [], "missing_branches": [], "functions": {"ReproError.__init__": {"executed_lines": [5, 6], "summary": {"covered_lines": 2, "num_statements": 2, "percent_covered": 100.0, "percent_covered_display": "100", "missing_lines": 0, "excluded_lines": 0, "percent_statements_covered": 100.0, "percent_statements_covered_display": "100", "num_branches": 0, "num_partial_branches": 0, "covered_branches": 0, "missing_branches": 0, "percent_branches_covered": 100.0, "percent_branches_covered_display": "100"}, "missing_lines": [], "excluded_lines": [], "start_line": 4, "executed_branches": [], "missing_branches": []}, "": {"executed_lines": [1, 4], "summary": {"covered_lines": 2, "num_statements": 2, "percent_covered": 100.0, "percent_covered_display": "100", "missing_lines": 0, "excluded_lines": 0, "percent_statements_covered": 100.0, "percent_statements_covered_display": "100", "num_branches": 0, "num_partial_branches": 0, "covered_branches": 0, "missing_branches": 0, "percent_branches_covered": 100.0, "percent_branches_covered_display": "100"}, "missing_lines": [], "excluded_lines": [], "start_line": 1, "executed_branches": [], "missing_branches": []}}, "classes": {"ReproError": {"executed_lines": [5, 6], "summary": {"covered_lines": 2, "num_statements": 2, "percent_covered": 100.0, "percent_covered_display": "100", "missing_lines": 0, "excluded_lines": 0, "percent_statements_covered": 100.0, "percent_statements_covered_display": "100", "num_branches": 0, "num_partial_branches": 0, "covered_branches": 0, "missing_branches": 0, "percent_branches_covered": 100.0, "percent_branches_covered_display": "100"}, "missing_lines": [], "excluded_lines": [], "start_line": 1, "executed_branches": [], "missing_branches": []}, "": {"executed_lines": [1, 4], "summary": {"covered_lines": 2, "num_statements": 2, "percent_covered": 100.0, "percent_covered_display": "100", "missing_lines": 0, "excluded_lines": 0, "percent_statements_covered": 100.0, "percent_statements_covered_display": "100", "num_branches": 0, "num_partial_branches": 0, "covered_branches": 0, "missing_branches": 0, "percent_branches_covered": 100.0, "percent_branches_covered_display": "100"}, "missing_lines": [], "excluded_lines": [], "start_line": 1, "executed_branches": [], "missing_branches": []}}}, "src\\reprohpc\\io.py": {"executed_lines": [3, 4, 5, 6, 7, 8, 10, 13, 14, 22, 23, 26, 27, 28, 29, 30, 31, 34, 35, 36, 37, 38, 39, 40, 41, 42, 44, 48, 49, 52, 53, 54, 55, 56, 59, 60, 63, 64, 65, 66, 67, 68, 69, 70, 71, 72, 75, 76, 77, 78, 79, 80, 81, 82, 83, 84, 87, 89, 90, 91, 92, 93, 94, 95, 96, 97, 99], "summary": {"covered_lines": 67, "num_statements": 69, "percent_covered": 95.6043956043956, "percent_covered_display": "96", "missing_lines": 2, "excluded_lines": 0, "percent_statements_covered": 97.10144927536231, "percent_statements_covered_display": "97", "num_branches": 22, "num_partial_branches": 2, "covered_branches": 20, "missing_branches": 2, "percent_branches_covered": 90.9090909090909, "percent_branches_covered_display": "91"}, "missing_lines": [45, 100], "excluded_lines": [], "executed_branches": [[29, 30], [29, 31], [44, -34], [64, 65], [64, 66], [67, 68], [67, 69], [70, 71], [70, 72], [76, 77], [76, 78], [78, 79], [78, 80], [80, 81], [80, 82], [82, 83], [82, 84], [95, 96], [95, 97], [99, -87]], "missing_branches": [[44, 45], [99, 100]], "functions": {"canonical": {"executed_lines": [14], "summary": {"covered_lines": 1, "num_statements": 1, "percent_covered": 100.0, "percent_covered_display": "100", "missing_lines": 0, "excluded_lines": 0, "percent_statements_covered": 100.0, "percent_statements_covered_display": "100", "num_branches": 0, "num_partial_branches": 0, "covered_branches": 0, "missing_branches": 0, "percent_branches_covered": 100.0, "percent_branches_covered_display": "100"}, "missing_lines": [], "excluded_lines": [], "start_line": 13, "executed_branches": [], "missing_branches": []}, "fingerprint": {"executed_lines": [23], "summary": {"covered_lines": 1, "num_statements": 1, "percent_covered": 100.0, "percent_covered_display": "100", "missing_lines": 0, "excluded_lines": 0, "percent_statements_covered": 100.0, "percent_statements_covered_display": "100", "num_branches": 0, "num_partial_branches": 0, "covered_branches": 0, "missing_branches": 0, "percent_branches_covered": 100.0, "percent_branches_covered_display": "100"}, "missing_lines": [], "excluded_lines": [], "start_line": 22, "executed_branches": [], "missing_branches": []}, "sha256": {"executed_lines": [27, 28, 29, 30, 31], "summary": {"covered_lines": 5, "num_statements": 5, "percent_covered": 100.0, "percent_covered_display": "100", "missing_lines": 0, "excluded_lines": 0, "percent_statements_covered": 100.0, "percent_statements_covered_display": "100", "num_branches": 2, "num_partial_branches": 0, "covered_branches": 2, "missing_branches": 0, "percent_branches_covered": 100.0, "percent_branches_covered_display": "100"}, "missing_lines": [], "excluded_lines": [], "start_line": 26, "executed_branches": [[29, 30], [29, 31]], "missing_branches": []}, "atomic_bytes": {"executed_lines": [35, 36, 37, 38, 39, 40, 41, 42, 44], "summary": {"covered_lines": 9, "num_statements": 10, "percent_covered": 83.33333333333333, "percent_covered_display": "83", "missing_lines": 1, "excluded_lines": 0, "percent_statements_covered": 90.0, "percent_statements_covered_display": "90", "num_branches": 2, "num_partial_branches": 1, "covered_branches": 1, "missing_branches": 1, "percent_branches_covered": 50.0, "percent_branches_covered_display": "50"}, "missing_lines": [45], "excluded_lines": [], "start_line": 34, "executed_branches": [[44, -34]], "missing_branches": [[44, 45]]}, "write_json": {"executed_lines": [49], "summary": {"covered_lines": 1, "num_statements": 1, "percent_covered": 100.0, "percent_covered_display": "100", "missing_lines": 0, "excluded_lines": 0, "percent_statements_covered": 100.0, "percent_statements_covered_display": "100", "num_branches": 0, "num_partial_branches": 0, "covered_branches": 0, "missing_branches": 0, "percent_branches_covered": 100.0, "percent_branches_covered_display": "100"}, "missing_lines": [], "excluded_lines": [], "start_line": 48, "executed_branches": [], "missing_branches": []}, "read_json": {"executed_lines": [53, 54, 55, 56], "summary": {"covered_lines": 4, "num_statements": 4, "percent_covered": 100.0, "percent_covered_display": "100", "missing_lines": 0, "excluded_lines": 0, "percent_statements_covered": 100.0, "percent_statements_covered_display": "100", "num_branches": 0, "num_partial_branches": 0, "covered_branches": 0, "missing_branches": 0, "percent_branches_covered": 100.0, "percent_branches_covered_display": "100"}, "missing_lines": [], "excluded_lines": [], "start_line": 52, "executed_branches": [], "missing_branches": []}, "_invalid_number": {"executed_lines": [60], "summary": {"covered_lines": 1, "num_statements": 1, "percent_covered": 100.0, "percent_covered_display": "100", "missing_lines": 0, "excluded_lines": 0, "percent_statements_covered": 100.0, "percent_statements_covered_display": "100", "num_branches": 0, "num_partial_branches": 0, "covered_branches": 0, "missing_branches": 0, "percent_branches_covered": 100.0, "percent_branches_covered_display": "100"}, "missing_lines": [], "excluded_lines": [], "start_line": 59, "executed_branches": [], "missing_branches": []}, "confined": {"executed_lines": [64, 65, 66, 67, 68, 69, 70, 71, 72], "summary": {"covered_lines": 9, "num_statements": 9, "percent_covered": 100.0, "percent_covered_display": "100", "missing_lines": 0, "excluded_lines": 0, "percent_statements_covered": 100.0, "percent_statements_covered_display": "100", "num_branches": 6, "num_partial_branches": 0, "covered_branches": 6, "missing_branches": 0, "percent_branches_covered": 100.0, "percent_branches_covered_display": "100"}, "missing_lines": [], "excluded_lines": [], "start_line": 63, "executed_branches": [[64, 65], [64, 66], [67, 68], [67, 69], [70, 71], [70, 72]], "missing_branches": []}, "csv_value": {"executed_lines": [76, 77, 78, 79, 80, 81, 82, 83, 84], "summary": {"covered_lines": 9, "num_statements": 9, "percent_covered": 100.0, "percent_covered_display": "100", "missing_lines": 0, "excluded_lines": 0, "percent_statements_covered": 100.0, "percent_statements_covered_display": "100", "num_branches": 8, "num_partial_branches": 0, "covered_branches": 8, "missing_branches": 0, "percent_branches_covered": 100.0, "percent_branches_covered_display": "100"}, "missing_lines": [], "excluded_lines": [], "start_line": 75, "executed_branches": [[76, 77], [76, 78], [78, 79], [78, 80], [80, 81], [80, 82], [82, 83], [82, 84]], "missing_branches": []}, "write_csv": {"executed_lines": [89, 90, 91, 92, 93, 94, 95, 96, 97, 99], "summary": {"covered_lines": 10, "num_statements": 11, "percent_covered": 86.66666666666667, "percent_covered_display": "87", "missing_lines": 1, "excluded_lines": 0, "percent_statements_covered": 90.9090909090909, "percent_statements_covered_display": "91", "num_branches": 4, "num_partial_branches": 1, "covered_branches": 3, "missing_branches": 1, "percent_branches_covered": 75.0, "percent_branches_covered_display": "75"}, "missing_lines": [100], "excluded_lines": [], "start_line": 87, "executed_branches": [[95, 96], [95, 97], [99, -87]], "missing_branches": [[99, 100]]}, "": {"executed_lines": [3, 4, 5, 6, 7, 8, 10, 13, 22, 26, 34, 48, 52, 59, 63, 75, 87], "summary": {"covered_lines": 17, "num_statements": 17, "percent_covered": 100.0, "percent_covered_display": "100", "missing_lines": 0, "excluded_lines": 0, "percent_statements_covered": 100.0, "percent_statements_covered_display": "100", "num_branches": 0, "num_partial_branches": 0, "covered_branches": 0, "missing_branches": 0, "percent_branches_covered": 100.0, "percent_branches_covered_display": "100"}, "missing_lines": [], "excluded_lines": [], "start_line": 1, "executed_branches": [], "missing_branches": []}}, "classes": {"": {"executed_lines": [3, 4, 5, 6, 7, 8, 10, 13, 14, 22, 23, 26, 27, 28, 29, 30, 31, 34, 35, 36, 37, 38, 39, 40, 41, 42, 44, 48, 49, 52, 53, 54, 55, 56, 59, 60, 63, 64, 65, 66, 67, 68, 69, 70, 71, 72, 75, 76, 77, 78, 79, 80, 81, 82, 83, 84, 87, 89, 90, 91, 92, 93, 94, 95, 96, 97, 99], "summary": {"covered_lines": 67, "num_statements": 69, "percent_covered": 95.6043956043956, "percent_covered_display": "96", "missing_lines": 2, "excluded_lines": 0, "percent_statements_covered": 97.10144927536231, "percent_statements_covered_display": "97", "num_branches": 22, "num_partial_branches": 2, "covered_branches": 20, "missing_branches": 2, "percent_branches_covered": 90.9090909090909, "percent_branches_covered_display": "91"}, "missing_lines": [45, 100], "excluded_lines": [], "start_line": 1, "executed_branches": [[29, 30], [29, 31], [44, -34], [64, 65], [64, 66], [67, 68], [67, 69], [70, 71], [70, 72], [76, 77], [76, 78], [78, 79], [78, 80], [80, 81], [80, 82], [82, 83], [82, 84], [95, 96], [95, 97], [99, -87]], "missing_branches": [[44, 45], [99, 100]]}}}, "src\\reprohpc\\provenance.py": {"executed_lines": [3, 4, 5, 6, 7, 8, 9, 10, 12, 14, 15, 16, 19, 20, 23, 24, 33, 34, 35, 36, 37, 38, 39, 40, 41, 43, 51, 54, 55, 56, 66, 67, 68, 69, 70, 71, 72, 73, 74, 76, 77, 78, 79, 80, 82, 85, 86, 90, 91, 92, 93, 94, 95, 98, 99, 100, 101, 102, 104, 105, 106, 107, 108, 109, 111, 112, 113, 114, 115, 116, 118, 119, 120, 122, 124, 125, 126, 131, 134, 135, 136, 137, 139, 140, 141, 142, 147, 165, 168, 169, 170, 171, 178, 179, 180, 181, 184, 218, 220, 221, 222, 223, 224, 225, 227, 228, 229, 230, 234, 235, 239, 240, 241, 249, 250, 251, 253, 254, 255, 256, 259, 260, 270, 272, 273, 274, 282, 283, 284, 285, 287, 295, 296, 297, 298, 303, 306, 307], "summary": {"covered_lines": 138, "num_statements": 182, "percent_covered": 73.33333333333333, "percent_covered_display": "73", "missing_lines": 44, "excluded_lines": 0, "percent_statements_covered": 75.82417582417582, "percent_statements_covered_display": "76", "num_branches": 88, "num_partial_branches": 16, "covered_branches": 60, "missing_branches": 28, "percent_branches_covered": 68.18181818181819, "percent_branches_covered_display": "68"}, "missing_lines": [42, 75, 81, 103, 110, 117, 121, 123, 138, 185, 186, 187, 188, 197, 198, 199, 200, 201, 202, 203, 204, 205, 206, 207, 212, 213, 226, 233, 245, 246, 247, 252, 257, 258, 261, 262, 265, 266, 268, 269, 271, 286, 301, 302], "excluded_lines": [], "executed_branches": [[35, 36], [35, 51], [36, 37], [36, 38], [39, 40], [39, 41], [41, 43], [68, 69], [68, 70], [72, 73], [72, 82], [74, 76], [77, 78], [77, 79], [85, 86], [85, 90], [91, 92], [91, 93], [102, 104], [105, 106], [105, 125], [109, 111], [114, 115], [114, 122], [116, 118], [119, 114], [119, 120], [120, 119], [122, 124], [126, -98], [126, 131], [137, 139], [140, 141], [140, 181], [171, 178], [171, 180], [178, 171], [178, 179], [222, 223], [222, 249], [225, 227], [227, 228], [227, 272], [230, 234], [235, 239], [235, 240], [241, 227], [251, 253], [253, 254], [253, 272], [256, 259], [259, 260], [270, 253], [272, 273], [272, 274], [283, 284], [283, 285], [285, 287], [295, 296], [295, 303]], "missing_branches": [[41, 42], [74, 75], [102, 103], [109, 110], [116, 117], [120, 121], [122, 123], [137, 138], [186, 187], [186, 188], [202, 203], [202, 204], [206, -184], [206, 207], [212, 206], [212, 213], [225, 226], [230, 233], [241, 245], [251, 252], [256, 257], [259, 261], [261, 262], [261, 265], [265, 266], [265, 268], [270, 271], [285, 286]], "functions": {"now": {"executed_lines": [20], "summary": {"covered_lines": 1, "num_statements": 1, "percent_covered": 100.0, "percent_covered_display": "100", "missing_lines": 0, "excluded_lines": 0, "percent_statements_covered": 100.0, "percent_statements_covered_display": "100", "num_branches": 0, "num_partial_branches": 0, "covered_branches": 0, "missing_branches": 0, "percent_branches_covered": 100.0, "percent_branches_covered_display": "100"}, "missing_lines": [], "excluded_lines": [], "start_line": 19, "executed_branches": [], "missing_branches": []}, "platform_info": {"executed_lines": [24], "summary": {"covered_lines": 1, "num_statements": 1, "percent_covered": 100.0, "percent_covered_display": "100", "missing_lines": 0, "excluded_lines": 0, "percent_statements_covered": 100.0, "percent_statements_covered_display": "100", "num_branches": 0, "num_partial_branches": 0, "covered_branches": 0, "missing_branches": 0, "percent_branches_covered": 100.0, "percent_branches_covered_display": "100"}, "missing_lines": [], "excluded_lines": [], "start_line": 23, "executed_branches": [], "missing_branches": []}, "inventory": {"executed_lines": [34, 35, 36, 37, 38, 39, 40, 41, 43, 51], "summary": {"covered_lines": 10, "num_statements": 11, "percent_covered": 89.47368421052632, "percent_covered_display": "89", "missing_lines": 1, "excluded_lines": 0, "percent_statements_covered": 90.9090909090909, "percent_statements_covered_display": "91", "num_branches": 8, "num_partial_branches": 1, "covered_branches": 7, "missing_branches": 1, "percent_branches_covered": 87.5, "percent_branches_covered_display": "88"}, "missing_lines": [42], "excluded_lines": [], "start_line": 33, "executed_branches": [[35, 36], [35, 51], [36, 37], [36, 38], [39, 40], [39, 41], [41, 43]], "missing_branches": [[41, 42]]}, "write_checksums": {"executed_lines": [55, 56], "summary": {"covered_lines": 2, "num_statements": 2, "percent_covered": 100.0, "percent_covered_display": "100", "missing_lines": 0, "excluded_lines": 0, "percent_statements_covered": 100.0, "percent_statements_covered_display": "100", "num_branches": 0, "num_partial_branches": 0, "covered_branches": 0, "missing_branches": 0, "percent_branches_covered": 100.0, "percent_branches_covered_display": "100"}, "missing_lines": [], "excluded_lines": [], "start_line": 54, "executed_branches": [], "missing_branches": []}, "verify_run": {"executed_lines": [67, 68, 69, 70, 71, 72, 73, 74, 76, 77, 78, 79, 80, 82, 85, 86, 90, 91, 92, 93, 94, 95], "summary": {"covered_lines": 22, "num_statements": 24, "percent_covered": 91.66666666666667, "percent_covered_display": "92", "missing_lines": 2, "excluded_lines": 0, "percent_statements_covered": 91.66666666666667, "percent_statements_covered_display": "92", "num_branches": 12, "num_partial_branches": 1, "covered_branches": 11, "missing_branches": 1, "percent_branches_covered": 91.66666666666667, "percent_branches_covered_display": "92"}, "missing_lines": [75, 81], "excluded_lines": [], "start_line": 66, "executed_branches": [[68, 69], [68, 70], [72, 73], [72, 82], [74, 76], [77, 78], [77, 79], [85, 86], [85, 90], [91, 92], [91, 93]], "missing_branches": [[74, 75]]}, "validate_scientific": {"executed_lines": [99, 100, 101, 102, 104, 105, 106, 107, 108, 109, 111, 112, 113, 114, 115, 116, 118, 119, 120, 122, 124, 125, 126, 131], "summary": {"covered_lines": 24, "num_statements": 29, "percent_covered": 78.72340425531915, "percent_covered_display": "79", "missing_lines": 5, "excluded_lines": 0, "percent_statements_covered": 82.75862068965517, "percent_statements_covered_display": "83", "num_branches": 18, "num_partial_branches": 5, "covered_branches": 13, "missing_branches": 5, "percent_branches_covered": 72.22222222222223, "percent_branches_covered_display": "72"}, "missing_lines": [103, 110, 117, 121, 123], "excluded_lines": [], "start_line": 98, "executed_branches": [[102, 104], [105, 106], [105, 125], [109, 111], [114, 115], [114, 122], [116, 118], [119, 114], [119, 120], [120, 119], [122, 124], [126, -98], [126, 131]], "missing_branches": [[102, 103], [109, 110], [116, 117], [120, 121], [122, 123]]}, "collect_tasks": {"executed_lines": [135, 136, 137, 139, 140, 141, 142, 147, 165, 168, 169, 170, 171, 178, 179, 180, 181], "summary": {"covered_lines": 17, "num_statements": 18, "percent_covered": 92.3076923076923, "percent_covered_display": "92", "missing_lines": 1, "excluded_lines": 0, "percent_statements_covered": 94.44444444444444, "percent_statements_covered_display": "94", "num_branches": 8, "num_partial_branches": 1, "covered_branches": 7, "missing_branches": 1, "percent_branches_covered": 87.5, "percent_branches_covered_display": "88"}, "missing_lines": [138], "excluded_lines": [], "start_line": 134, "executed_branches": [[137, 139], [140, 141], [140, 181], [171, 178], [171, 180], [178, 171], [178, 179]], "missing_branches": [[137, 138]]}, "collect_accounting": {"executed_lines": [], "summary": {"covered_lines": 0, "num_statements": 17, "percent_covered": 0.0, "percent_covered_display": "0", "missing_lines": 17, "excluded_lines": 0, "percent_statements_covered": 0.0, "percent_statements_covered_display": "0", "num_branches": 8, "num_partial_branches": 0, "covered_branches": 0, "missing_branches": 8, "percent_branches_covered": 0.0, "percent_branches_covered_display": "0"}, "missing_lines": [185, 186, 187, 188, 197, 198, 199, 200, 201, 202, 203, 204, 205, 206, 207, 212, 213], "excluded_lines": [], "start_line": 184, "executed_branches": [], "missing_branches": [[186, 187], [186, 188], [202, 203], [202, 204], [206, -184], [206, 207], [212, 206], [212, 213]]}, "compare": {"executed_lines": [220, 221, 222, 223, 224, 225, 227, 228, 229, 230, 234, 235, 239, 240, 241, 249, 250, 251, 253, 254, 255, 256, 259, 260, 270, 272, 273, 274], "summary": {"covered_lines": 28, "num_statements": 43, "percent_covered": 63.38028169014085, "percent_covered_display": "63", "missing_lines": 15, "excluded_lines": 0, "percent_statements_covered": 65.11627906976744, "percent_statements_covered_display": "65", "num_branches": 28, "num_partial_branches": 7, "covered_branches": 17, "missing_branches": 11, "percent_branches_covered": 60.714285714285715, "percent_branches_covered_display": "61"}, "missing_lines": [226, 233, 245, 246, 247, 252, 257, 258, 261, 262, 265, 266, 268, 269, 271], "excluded_lines": [], "start_line": 218, "executed_branches": [[222, 223], [222, 249], [225, 227], [227, 228], [227, 272], [230, 234], [235, 239], [235, 240], [241, 227], [251, 253], [253, 254], [253, 272], [256, 259], [259, 260], [270, 253], [272, 273], [272, 274]], "missing_branches": [[225, 226], [230, 233], [241, 245], [251, 252], [256, 257], [259, 261], [261, 262], [261, 265], [265, 266], [265, 268], [270, 271]]}, "_equivalent": {"executed_lines": [283, 284, 285, 287, 295, 296, 297, 298, 303], "summary": {"covered_lines": 9, "num_statements": 12, "percent_covered": 77.77777777777777, "percent_covered_display": "78", "missing_lines": 3, "excluded_lines": 0, "percent_statements_covered": 75.0, "percent_statements_covered_display": "75", "num_branches": 6, "num_partial_branches": 1, "covered_branches": 5, "missing_branches": 1, "percent_branches_covered": 83.33333333333333, "percent_branches_covered_display": "83"}, "missing_lines": [286, 301, 302], "excluded_lines": [], "start_line": 282, "executed_branches": [[283, 284], [283, 285], [285, 287], [295, 296], [295, 303]], "missing_branches": [[285, 286]]}, "write_tasks": {"executed_lines": [307], "summary": {"covered_lines": 1, "num_statements": 1, "percent_covered": 100.0, "percent_covered_display": "100", "missing_lines": 0, "excluded_lines": 0, "percent_statements_covered": 100.0, "percent_statements_covered_display": "100", "num_branches": 0, "num_partial_branches": 0, "covered_branches": 0, "missing_branches": 0, "percent_branches_covered": 100.0, "percent_branches_covered_display": "100"}, "missing_lines": [], "excluded_lines": [], "start_line": 306, "executed_branches": [], "missing_branches": []}, "": {"executed_lines": [3, 4, 5, 6, 7, 8, 9, 10, 12, 14, 15, 16, 19, 23, 33, 54, 66, 98, 134, 184, 218, 282, 306], "summary": {"covered_lines": 23, "num_statements": 23, "percent_covered": 100.0, "percent_covered_display": "100", "missing_lines": 0, "excluded_lines": 0, "percent_statements_covered": 100.0, "percent_statements_covered_display": "100", "num_branches": 0, "num_partial_branches": 0, "covered_branches": 0, "missing_branches": 0, "percent_branches_covered": 100.0, "percent_branches_covered_display": "100"}, "missing_lines": [], "excluded_lines": [], "start_line": 1, "executed_branches": [], "missing_branches": []}}, "classes": {"": {"executed_lines": [3, 4, 5, 6, 7, 8, 9, 10, 12, 14, 15, 16, 19, 20, 23, 24, 33, 34, 35, 36, 37, 38, 39, 40, 41, 43, 51, 54, 55, 56, 66, 67, 68, 69, 70, 71, 72, 73, 74, 76, 77, 78, 79, 80, 82, 85, 86, 90, 91, 92, 93, 94, 95, 98, 99, 100, 101, 102, 104, 105, 106, 107, 108, 109, 111, 112, 113, 114, 115, 116, 118, 119, 120, 122, 124, 125, 126, 131, 134, 135, 136, 137, 139, 140, 141, 142, 147, 165, 168, 169, 170, 171, 178, 179, 180, 181, 184, 218, 220, 221, 222, 223, 224, 225, 227, 228, 229, 230, 234, 235, 239, 240, 241, 249, 250, 251, 253, 254, 255, 256, 259, 260, 270, 272, 273, 274, 282, 283, 284, 285, 287, 295, 296, 297, 298, 303, 306, 307], "summary": {"covered_lines": 138, "num_statements": 182, "percent_covered": 73.33333333333333, "percent_covered_display": "73", "missing_lines": 44, "excluded_lines": 0, "percent_statements_covered": 75.82417582417582, "percent_statements_covered_display": "76", "num_branches": 88, "num_partial_branches": 16, "covered_branches": 60, "missing_branches": 28, "percent_branches_covered": 68.18181818181819, "percent_branches_covered_display": "68"}, "missing_lines": [42, 75, 81, 103, 110, 117, 121, 123, 138, 185, 186, 187, 188, 197, 198, 199, 200, 201, 202, 203, 204, 205, 206, 207, 212, 213, 226, 233, 245, 246, 247, 252, 257, 258, 261, 262, 265, 266, 268, 269, 271, 286, 301, 302], "excluded_lines": [], "start_line": 1, "executed_branches": [[35, 36], [35, 51], [36, 37], [36, 38], [39, 40], [39, 41], [41, 43], [68, 69], [68, 70], [72, 73], [72, 82], [74, 76], [77, 78], [77, 79], [85, 86], [85, 90], [91, 92], [91, 93], [102, 104], [105, 106], [105, 125], [109, 111], [114, 115], [114, 122], [116, 118], [119, 114], [119, 120], [120, 119], [122, 124], [126, -98], [126, 131], [137, 139], [140, 141], [140, 181], [171, 178], [171, 180], [178, 171], [178, 179], [222, 223], [222, 249], [225, 227], [227, 228], [227, 272], [230, 234], [235, 239], [235, 240], [241, 227], [251, 253], [253, 254], [253, 272], [256, 259], [259, 260], [270, 253], [272, 273], [272, 274], [283, 284], [283, 285], [285, 287], [295, 296], [295, 303]], "missing_branches": [[41, 42], [74, 75], [102, 103], [109, 110], [116, 117], [120, 121], [122, 123], [137, 138], [186, 187], [186, 188], [202, 203], [202, 204], [206, -184], [206, 207], [212, 206], [212, 213], [225, 226], [230, 233], [241, 245], [251, 252], [256, 257], [259, 261], [261, 262], [261, 265], [265, 266], [265, 268], [270, 271], [285, 286]]}}}, "src\\reprohpc\\schema.py": {"executed_lines": [3, 5, 7, 8, 11, 12, 13, 17, 18, 19, 22], "summary": {"covered_lines": 11, "num_statements": 11, "percent_covered": 100.0, "percent_covered_display": "100", "missing_lines": 0, "excluded_lines": 0, "percent_statements_covered": 100.0, "percent_statements_covered_display": "100", "num_branches": 2, "num_partial_branches": 0, "covered_branches": 2, "missing_branches": 0, "percent_branches_covered": 100.0, "percent_branches_covered_display": "100"}, "missing_lines": [], "excluded_lines": [], "executed_branches": [[17, 18], [17, 22]], "missing_branches": [], "functions": {"validate": {"executed_lines": [12, 13, 17, 18, 19, 22], "summary": {"covered_lines": 6, "num_statements": 6, "percent_covered": 100.0, "percent_covered_display": "100", "missing_lines": 0, "excluded_lines": 0, "percent_statements_covered": 100.0, "percent_statements_covered_display": "100", "num_branches": 2, "num_partial_branches": 0, "covered_branches": 2, "missing_branches": 0, "percent_branches_covered": 100.0, "percent_branches_covered_display": "100"}, "missing_lines": [], "excluded_lines": [], "start_line": 11, "executed_branches": [[17, 18], [17, 22]], "missing_branches": []}, "": {"executed_lines": [3, 5, 7, 8, 11], "summary": {"covered_lines": 5, "num_statements": 5, "percent_covered": 100.0, "percent_covered_display": "100", "missing_lines": 0, "excluded_lines": 0, "percent_statements_covered": 100.0, "percent_statements_covered_display": "100", "num_branches": 0, "num_partial_branches": 0, "covered_branches": 0, "missing_branches": 0, "percent_branches_covered": 100.0, "percent_branches_covered_display": "100"}, "missing_lines": [], "excluded_lines": [], "start_line": 1, "executed_branches": [], "missing_branches": []}}, "classes": {"": {"executed_lines": [3, 5, 7, 8, 11, 12, 13, 17, 18, 19, 22], "summary": {"covered_lines": 11, "num_statements": 11, "percent_covered": 100.0, "percent_covered_display": "100", "missing_lines": 0, "excluded_lines": 0, "percent_statements_covered": 100.0, "percent_statements_covered_display": "100", "num_branches": 2, "num_partial_branches": 0, "covered_branches": 2, "missing_branches": 0, "percent_branches_covered": 100.0, "percent_branches_covered_display": "100"}, "missing_lines": [], "excluded_lines": [], "start_line": 1, "executed_branches": [[17, 18], [17, 22]], "missing_branches": []}}}, "src\\reprohpc\\science.py": {"executed_lines": [3, 4, 5, 6, 7, 9, 10, 12, 13, 15, 16, 17, 19, 29, 41, 42, 46, 47, 48, 49, 50, 51, 52, 55, 59, 60, 61, 62, 63, 64, 65, 68, 73, 74, 75, 76, 79, 80, 82, 89, 90, 94, 95, 96, 97, 98, 99, 109, 110, 111, 112, 113, 131, 132, 133, 134, 135, 136, 152, 155, 156, 157, 158, 159, 160, 162, 163, 164, 165, 168, 169], "summary": {"covered_lines": 71, "num_statements": 82, "percent_covered": 78.0, "percent_covered_display": "78", "missing_lines": 11, "excluded_lines": 0, "percent_statements_covered": 86.58536585365853, "percent_statements_covered_display": "87", "num_branches": 18, "num_partial_branches": 9, "covered_branches": 7, "missing_branches": 11, "percent_branches_covered": 38.888888888888886, "percent_branches_covered_display": "39"}, "missing_lines": [57, 71, 72, 81, 161, 170, 171, 172, 173, 174, 175], "excluded_lines": [], "executed_branches": [[9, 10], [9, 12], [64, 65], [74, 75], [132, 134], [134, 135], [162, 163]], "missing_branches": [[61, 62], [61, 63], [64, 68], [74, 76], [111, 112], [111, 131], [132, 133], [134, 136], [162, 175], [172, 173], [172, 174]], "functions": {"seed_sample": {"executed_lines": [42, 46, 47, 48, 49, 50, 51, 52], "summary": {"covered_lines": 8, "num_statements": 8, "percent_covered": 100.0, "percent_covered_display": "100", "missing_lines": 0, "excluded_lines": 0, "percent_statements_covered": 100.0, "percent_statements_covered_display": "100", "num_branches": 0, "num_partial_branches": 0, "covered_branches": 0, "missing_branches": 0, "percent_branches_covered": 100.0, "percent_branches_covered_display": "100"}, "missing_lines": [], "excluded_lines": [], "start_line": 41, "executed_branches": [], "missing_branches": []}, "image_header": {"executed_lines": [59, 60, 61, 62, 63, 64, 65, 68], "summary": {"covered_lines": 8, "num_statements": 9, "percent_covered": 69.23076923076923, "percent_covered_display": "69", "missing_lines": 1, "excluded_lines": 0, "percent_statements_covered": 88.88888888888889, "percent_statements_covered_display": "89", "num_branches": 4, "num_partial_branches": 3, "covered_branches": 1, "missing_branches": 3, "percent_branches_covered": 25.0, "percent_branches_covered_display": "25"}, "missing_lines": [57], "excluded_lines": [], "start_line": 55, "executed_branches": [[64, 65]], "missing_branches": [[61, 62], [61, 63], [64, 68]]}, "decode": {"executed_lines": [73, 74, 75, 76], "summary": {"covered_lines": 4, "num_statements": 5, "percent_covered": 71.42857142857143, "percent_covered_display": "71", "missing_lines": 1, "excluded_lines": 0, "percent_statements_covered": 80.0, "percent_statements_covered_display": "80", "num_branches": 2, "num_partial_branches": 1, "covered_branches": 1, "missing_branches": 1, "percent_branches_covered": 50.0, "percent_branches_covered_display": "50"}, "missing_lines": [72], "excluded_lines": [], "start_line": 71, "executed_branches": [[74, 75]], "missing_branches": [[74, 76]]}, "analyze": {"executed_lines": [80, 82, 89, 90, 94, 95, 96, 97, 98, 99, 109, 110, 111, 112, 113, 131, 132, 133, 134, 135, 136, 152], "summary": {"covered_lines": 22, "num_statements": 23, "percent_covered": 82.75862068965517, "percent_covered_display": "83", "missing_lines": 1, "excluded_lines": 0, "percent_statements_covered": 95.65217391304348, "percent_statements_covered_display": "96", "num_branches": 6, "num_partial_branches": 4, "covered_branches": 2, "missing_branches": 4, "percent_branches_covered": 33.333333333333336, "percent_branches_covered_display": "33"}, "missing_lines": [81], "excluded_lines": [], "start_line": 79, "executed_branches": [[132, 134], [134, 135]], "missing_branches": [[111, 112], [111, 131], [132, 133], [134, 136]]}, "write_analysis": {"executed_lines": [156, 157, 158, 159, 160, 162, 163, 164, 165, 168, 169], "summary": {"covered_lines": 11, "num_statements": 18, "percent_covered": 54.54545454545455, "percent_covered_display": "55", "missing_lines": 7, "excluded_lines": 0, "percent_statements_covered": 61.111111111111114, "percent_statements_covered_display": "61", "num_branches": 4, "num_partial_branches": 1, "covered_branches": 1, "missing_branches": 3, "percent_branches_covered": 25.0, "percent_branches_covered_display": "25"}, "missing_lines": [161, 170, 171, 172, 173, 174, 175], "excluded_lines": [], "start_line": 155, "executed_branches": [[162, 163]], "missing_branches": [[162, 175], [172, 173], [172, 174]]}, "": {"executed_lines": [3, 4, 5, 6, 7, 9, 10, 12, 13, 15, 16, 17, 19, 29, 41, 55, 79, 155], "summary": {"covered_lines": 18, "num_statements": 19, "percent_covered": 95.23809523809524, "percent_covered_display": "95", "missing_lines": 1, "excluded_lines": 0, "percent_statements_covered": 94.73684210526316, "percent_statements_covered_display": "95", "num_branches": 2, "num_partial_branches": 0, "covered_branches": 2, "missing_branches": 0, "percent_branches_covered": 100.0, "percent_branches_covered_display": "100"}, "missing_lines": [71], "excluded_lines": [], "start_line": 1, "executed_branches": [[9, 10], [9, 12]], "missing_branches": []}}, "classes": {"": {"executed_lines": [3, 4, 5, 6, 7, 9, 10, 12, 13, 15, 16, 17, 19, 29, 41, 42, 46, 47, 48, 49, 50, 51, 52, 55, 59, 60, 61, 62, 63, 64, 65, 68, 73, 74, 75, 76, 79, 80, 82, 89, 90, 94, 95, 96, 97, 98, 99, 109, 110, 111, 112, 113, 131, 132, 133, 134, 135, 136, 152, 155, 156, 157, 158, 159, 160, 162, 163, 164, 165, 168, 169], "summary": {"covered_lines": 71, "num_statements": 82, "percent_covered": 78.0, "percent_covered_display": "78", "missing_lines": 11, "excluded_lines": 0, "percent_statements_covered": 86.58536585365853, "percent_statements_covered_display": "87", "num_branches": 18, "num_partial_branches": 9, "covered_branches": 7, "missing_branches": 11, "percent_branches_covered": 38.888888888888886, "percent_branches_covered_display": "39"}, "missing_lines": [57, 71, 72, 81, 161, 170, 171, 172, 173, 174, 175], "excluded_lines": [], "start_line": 1, "executed_branches": [[9, 10], [9, 12], [64, 65], [74, 75], [132, 134], [134, 135], [162, 163]], "missing_branches": [[61, 62], [61, 63], [64, 68], [74, 76], [111, 112], [111, 131], [132, 133], [134, 136], [162, 175], [172, 173], [172, 174]]}}}, "src\\reprohpc\\task.py": {"executed_lines": [3, 4, 5, 6, 7, 8, 9, 10, 11, 13, 14, 15, 16, 17, 18, 21, 22, 23, 24, 36, 37, 38, 39, 40, 41, 42, 43, 44, 51, 72, 73, 74, 75, 76, 77, 78, 79, 80, 84, 85, 86, 87, 88, 89, 91, 92, 93, 94, 95, 97, 98, 99, 100, 101, 103, 104, 105, 106, 108, 109, 112, 113, 125, 126, 127, 128, 129, 130, 131, 132, 133, 134, 135, 136, 139, 147, 150, 151, 152, 153, 154, 155, 156, 157, 158, 159, 160, 161, 162, 163, 164, 165, 166, 167, 168, 169, 170, 171, 172, 173, 174, 188, 189, 190, 196, 199], "summary": {"covered_lines": 106, "num_statements": 118, "percent_covered": 87.1951219512195, "percent_covered_display": "87", "missing_lines": 12, "excluded_lines": 0, "percent_statements_covered": 89.83050847457628, "percent_statements_covered_display": "90", "num_branches": 46, "num_partial_branches": 7, "covered_branches": 37, "missing_branches": 9, "percent_branches_covered": 80.43478260869566, "percent_branches_covered_display": "80"}, "missing_lines": [90, 102, 107, 110, 175, 176, 182, 191, 192, 194, 195, 200], "excluded_lines": [], "executed_branches": [[39, 40], [39, 41], [42, 43], [42, 51], [74, 75], [74, 79], [75, 74], [75, 76], [76, 77], [76, 78], [79, 80], [79, 84], [87, 88], [87, 95], [89, 91], [92, 93], [92, 94], [98, -97], [98, 99], [101, 103], [104, 105], [104, 109], [106, 108], [109, 98], [128, 129], [128, 131], [129, 128], [129, 130], [132, 133], [132, 139], [134, 135], [154, 155], [154, 156], [171, 172], [171, 173], [173, 174], [199, -1]], "missing_branches": [[89, 90], [101, 102], [106, 107], [109, 110], [134, 132], [173, 175], [175, 176], [175, 182], [199, 200]], "functions": {"validate_task": {"executed_lines": [22, 23, 24], "summary": {"covered_lines": 3, "num_statements": 3, "percent_covered": 100.0, "percent_covered_display": "100", "missing_lines": 0, "excluded_lines": 0, "percent_statements_covered": 100.0, "percent_statements_covered_display": "100", "num_branches": 0, "num_partial_branches": 0, "covered_branches": 0, "missing_branches": 0, "percent_branches_covered": 100.0, "percent_branches_covered_display": "100"}, "missing_lines": [], "excluded_lines": [], "start_line": 21, "executed_branches": [], "missing_branches": []}, "analyze_batch": {"executed_lines": [37, 38, 39, 40, 41, 42, 43, 44, 51], "summary": {"covered_lines": 9, "num_statements": 9, "percent_covered": 100.0, "percent_covered_display": "100", "missing_lines": 0, "excluded_lines": 0, "percent_statements_covered": 100.0, "percent_statements_covered_display": "100", "num_branches": 4, "num_partial_branches": 0, "covered_branches": 4, "missing_branches": 0, "percent_branches_covered": 100.0, "percent_branches_covered_display": "100"}, "missing_lines": [], "excluded_lines": [], "start_line": 36, "executed_branches": [[39, 40], [39, 41], [42, 43], [42, 51]], "missing_branches": []}, "aggregate": {"executed_lines": [73, 74, 75, 76, 77, 78, 79, 80, 84, 85, 86, 87, 88, 89, 91, 92, 93, 94, 95, 97, 112, 113], "summary": {"covered_lines": 22, "num_statements": 23, "percent_covered": 94.5945945945946, "percent_covered_display": "95", "missing_lines": 1, "excluded_lines": 0, "percent_statements_covered": 95.65217391304348, "percent_statements_covered_display": "96", "num_branches": 14, "num_partial_branches": 1, "covered_branches": 13, "missing_branches": 1, "percent_branches_covered": 92.85714285714286, "percent_branches_covered_display": "93"}, "missing_lines": [90], "excluded_lines": [], "start_line": 72, "executed_branches": [[74, 75], [74, 79], [75, 74], [75, 76], [76, 77], [76, 78], [79, 80], [79, 84], [87, 88], [87, 95], [89, 91], [92, 93], [92, 94]], "missing_branches": [[89, 90]]}, "aggregate.rows": {"executed_lines": [98, 99, 100, 101, 103, 104, 105, 106, 108, 109], "summary": {"covered_lines": 10, "num_statements": 13, "percent_covered": 73.91304347826087, "percent_covered_display": "74", "missing_lines": 3, "excluded_lines": 0, "percent_statements_covered": 76.92307692307692, "percent_statements_covered_display": "77", "num_branches": 10, "num_partial_branches": 3, "covered_branches": 7, "missing_branches": 3, "percent_branches_covered": 70.0, "percent_branches_covered_display": "70"}, "missing_lines": [102, 107, 110], "excluded_lines": [], "start_line": 97, "executed_branches": [[98, -97], [98, 99], [101, 103], [104, 105], [104, 109], [106, 108], [109, 98]], "missing_branches": [[101, 102], [106, 107], [109, 110]]}, "report": {"executed_lines": [126, 127, 128, 129, 130, 131, 132, 133, 134, 135, 136, 139, 147], "summary": {"covered_lines": 13, "num_statements": 13, "percent_covered": 95.23809523809524, "percent_covered_display": "95", "missing_lines": 0, "excluded_lines": 0, "percent_statements_covered": 100.0, "percent_statements_covered_display": "100", "num_branches": 8, "num_partial_branches": 1, "covered_branches": 7, "missing_branches": 1, "percent_branches_covered": 87.5, "percent_branches_covered_display": "88"}, "missing_lines": [], "excluded_lines": [], "start_line": 125, "executed_branches": [[128, 129], [128, 131], [129, 128], [129, 130], [132, 133], [132, 139], [134, 135]], "missing_branches": [[134, 132]]}, "main": {"executed_lines": [151, 152, 153, 154, 155, 156, 157, 158, 159, 160, 161, 162, 163, 164, 165, 166, 167, 168, 169, 170, 171, 172, 173, 174, 188, 189, 190, 196], "summary": {"covered_lines": 28, "num_statements": 35, "percent_covered": 76.74418604651163, "percent_covered_display": "77", "missing_lines": 7, "excluded_lines": 0, "percent_statements_covered": 80.0, "percent_statements_covered_display": "80", "num_branches": 8, "num_partial_branches": 1, "covered_branches": 5, "missing_branches": 3, "percent_branches_covered": 62.5, "percent_branches_covered_display": "62"}, "missing_lines": [175, 176, 182, 191, 192, 194, 195], "excluded_lines": [], "start_line": 150, "executed_branches": [[154, 155], [154, 156], [171, 172], [171, 173], [173, 174]], "missing_branches": [[173, 175], [175, 176], [175, 182]]}, "": {"executed_lines": [3, 4, 5, 6, 7, 8, 9, 10, 11, 13, 14, 15, 16, 17, 18, 21, 36, 72, 125, 150, 199], "summary": {"covered_lines": 21, "num_statements": 22, "percent_covered": 91.66666666666667, "percent_covered_display": "92", "missing_lines": 1, "excluded_lines": 0, "percent_statements_covered": 95.45454545454545, "percent_statements_covered_display": "95", "num_branches": 2, "num_partial_branches": 1, "covered_branches": 1, "missing_branches": 1, "percent_branches_covered": 50.0, "percent_branches_covered_display": "50"}, "missing_lines": [200], "excluded_lines": [], "start_line": 1, "executed_branches": [[199, -1]], "missing_branches": [[199, 200]]}}, "classes": {"": {"executed_lines": [3, 4, 5, 6, 7, 8, 9, 10, 11, 13, 14, 15, 16, 17, 18, 21, 22, 23, 24, 36, 37, 38, 39, 40, 41, 42, 43, 44, 51, 72, 73, 74, 75, 76, 77, 78, 79, 80, 84, 85, 86, 87, 88, 89, 91, 92, 93, 94, 95, 97, 98, 99, 100, 101, 103, 104, 105, 106, 108, 109, 112, 113, 125, 126, 127, 128, 129, 130, 131, 132, 133, 134, 135, 136, 139, 147, 150, 151, 152, 153, 154, 155, 156, 157, 158, 159, 160, 161, 162, 163, 164, 165, 166, 167, 168, 169, 170, 171, 172, 173, 174, 188, 189, 190, 196, 199], "summary": {"covered_lines": 106, "num_statements": 118, "percent_covered": 87.1951219512195, "percent_covered_display": "87", "missing_lines": 12, "excluded_lines": 0, "percent_statements_covered": 89.83050847457628, "percent_statements_covered_display": "90", "num_branches": 46, "num_partial_branches": 7, "covered_branches": 37, "missing_branches": 9, "percent_branches_covered": 80.43478260869566, "percent_branches_covered_display": "80"}, "missing_lines": [90, 102, 107, 110, 175, 176, 182, 191, 192, 194, 195, 200], "excluded_lines": [], "start_line": 1, "executed_branches": [[39, 40], [39, 41], [42, 43], [42, 51], [74, 75], [74, 79], [75, 74], [75, 76], [76, 77], [76, 78], [79, 80], [79, 84], [87, 88], [87, 95], [89, 91], [92, 93], [92, 94], [98, -97], [98, 99], [101, 103], [104, 105], [104, 109], [106, 108], [109, 98], [128, 129], [128, 131], [129, 128], [129, 130], [132, 133], [132, 139], [134, 135], [154, 155], [154, 156], [171, 172], [171, 173], [173, 174], [199, -1]], "missing_branches": [[89, 90], [101, 102], [106, 107], [109, 110], [134, 132], [173, 175], [175, 176], [175, 182], [199, 200]]}}}}, "totals": {"covered_lines": 716, "num_statements": 1037, "percent_covered": 64.40912232204562, "percent_covered_display": "64", "missing_lines": 321, "excluded_lines": 0, "percent_statements_covered": 69.04532304725169, "percent_statements_covered_display": "69", "num_branches": 410, "num_partial_branches": 68, "covered_branches": 216, "missing_branches": 194, "percent_branches_covered": 52.68292682926829, "percent_branches_covered_display": "53"}}